2020-08-10 05:06:53 [main] INFO  o.s.c.c.c.ConfigServicePropertySourceLocator -
				Fetching config from server at : http://localhost:8888
2020-08-10 05:06:55 [main] INFO  o.s.c.c.c.ConfigServicePropertySourceLocator -
				Connect Timeout Exception on Url - http://localhost:8888. Will be trying the next url if available
2020-08-10 05:06:55 [main] WARN  o.s.c.c.c.ConfigServicePropertySourceLocator -
				Could not locate PropertySource: I/O error on GET request for "http://localhost:8888/PatientService/local": Connection refused: connect; nested exception is java.net.ConnectException: Connection refused: connect
2020-08-10 05:06:55 [main] INFO  c.c.emergencyHelpline.PatientService -
				The following profiles are active: local
2020-08-10 05:06:56 [main] INFO  o.s.d.r.c.RepositoryConfigurationDelegate -
				Bootstrapping Spring Data MongoDB repositories in DEFAULT mode.
2020-08-10 05:06:56 [main] INFO  o.s.d.r.c.RepositoryConfigurationDelegate -
				Finished Spring Data repository scanning in 138ms. Found 3 MongoDB repository interfaces.
2020-08-10 05:06:57 [main] INFO  o.s.cloud.context.scope.GenericScope -
				BeanFactory id=63acfc3c-f25e-3a29-a09c-bf3a5098a4c8
2020-08-10 05:06:58 [main] INFO  o.s.b.w.e.tomcat.TomcatWebServer -
				Tomcat initialized with port(s): 8082 (http)
2020-08-10 05:06:58 [main] INFO  o.a.coyote.http11.Http11NioProtocol -
				Initializing ProtocolHandler ["http-nio-8082"]
2020-08-10 05:06:58 [main] INFO  o.a.catalina.core.StandardService -
				Starting service [Tomcat]
2020-08-10 05:06:58 [main] INFO  o.a.catalina.core.StandardEngine -
				Starting Servlet engine: [Apache Tomcat/9.0.37]
2020-08-10 05:06:58 [main] INFO  o.a.c.c.C.[Tomcat].[localhost].[/] -
				Initializing Spring embedded WebApplicationContext
2020-08-10 05:06:58 [main] INFO  o.s.b.w.s.c.ServletWebServerApplicationContext -
				Root WebApplicationContext: initialization completed in 3073 ms
2020-08-10 05:06:58 [main] INFO  org.mongodb.driver.cluster -
				Cluster created with settings {hosts=[localhost:27017], mode=SINGLE, requiredClusterType=UNKNOWN, serverSelectionTimeout='30000 ms'}
2020-08-10 05:06:58 [cluster-ClusterId{value='5f30889a718ecd6ac504245f', description='null'}-localhost:27017] INFO  org.mongodb.driver.connection -
				Opened connection [connectionId{localValue:1, serverValue:76}] to localhost:27017
2020-08-10 05:06:58 [cluster-ClusterId{value='5f30889a718ecd6ac504245f', description='null'}-localhost:27017] INFO  org.mongodb.driver.cluster -
				Monitor thread successfully connected to server with description ServerDescription{address=localhost:27017, type=STANDALONE, state=CONNECTED, ok=true, minWireVersion=0, maxWireVersion=8, maxDocumentSize=16777216, logicalSessionTimeoutMinutes=30, roundTripTimeNanos=6973500}
2020-08-10 05:06:58 [main] WARN  o.s.data.convert.CustomConversions -
				Registering converter from class java.time.LocalDateTime to class org.joda.time.LocalDateTime as reading converter although it doesn't convert from a store-supported type! You might want to check your annotation setup at the converter implementation.
2020-08-10 05:06:59 [main] WARN  o.s.data.convert.CustomConversions -
				Registering converter from class java.time.LocalDateTime to class org.joda.time.LocalDateTime as reading converter although it doesn't convert from a store-supported type! You might want to check your annotation setup at the converter implementation.
2020-08-10 05:07:00 [main] INFO  s.d.s.w.PropertySourcedRequestMappingHandlerMapping -
				Mapped URL path [/v2/api-docs] onto method [springfox.documentation.swagger2.web.Swagger2Controller#getDocumentation(String, HttpServletRequest)]
2020-08-10 05:07:00 [main] WARN  c.n.c.sources.URLConfigurationSource -
				No URLs will be polled as dynamic configuration sources.
2020-08-10 05:07:00 [main] INFO  c.n.c.sources.URLConfigurationSource -
				To enable URLs as dynamic configuration sources, define System property archaius.configurationSource.additionalUrls or make config.properties available on classpath.
2020-08-10 05:07:00 [main] WARN  c.n.c.sources.URLConfigurationSource -
				No URLs will be polled as dynamic configuration sources.
2020-08-10 05:07:00 [main] INFO  c.n.c.sources.URLConfigurationSource -
				To enable URLs as dynamic configuration sources, define System property archaius.configurationSource.additionalUrls or make config.properties available on classpath.
2020-08-10 05:07:00 [main] INFO  o.s.s.c.ThreadPoolTaskExecutor -
				Initializing ExecutorService 'applicationTaskExecutor'
2020-08-10 05:07:02 [main] WARN  o.s.c.l.c.BlockingLoadBalancerClientAutoConfiguration$BlockingLoadBalancerClientRibbonWarnLogger -
				You already have RibbonLoadBalancerClient on your classpath. It will be used by default. As Spring Cloud Ribbon is in maintenance mode. We recommend switching to BlockingLoadBalancerClient instead. In order to use it, set the value of `spring.cloud.loadbalancer.ribbon.enabled` to `false` or remove spring-cloud-starter-netflix-ribbon from your project.
2020-08-10 05:07:02 [main] INFO  o.s.c.n.eureka.InstanceInfoFactory -
				Setting initial instance status as: STARTING
2020-08-10 05:07:02 [main] INFO  c.netflix.discovery.DiscoveryClient -
				Initializing Eureka in region us-east-1
2020-08-10 05:07:03 [main] INFO  c.n.d.p.DiscoveryJerseyProvider -
				Using JSON encoding codec LegacyJacksonJson
2020-08-10 05:07:03 [main] INFO  c.n.d.p.DiscoveryJerseyProvider -
				Using JSON decoding codec LegacyJacksonJson
2020-08-10 05:07:03 [main] INFO  c.n.d.p.DiscoveryJerseyProvider -
				Using XML encoding codec XStreamXml
2020-08-10 05:07:03 [main] INFO  c.n.d.p.DiscoveryJerseyProvider -
				Using XML decoding codec XStreamXml
2020-08-10 05:07:04 [main] INFO  c.n.d.s.r.aws.ConfigClusterResolver -
				Resolving eureka endpoints via configuration
2020-08-10 05:07:04 [main] INFO  c.netflix.discovery.DiscoveryClient -
				Disable delta property : false
2020-08-10 05:07:04 [main] INFO  c.netflix.discovery.DiscoveryClient -
				Single vip registry refresh property : null
2020-08-10 05:07:04 [main] INFO  c.netflix.discovery.DiscoveryClient -
				Force full registry fetch : false
2020-08-10 05:07:04 [main] INFO  c.netflix.discovery.DiscoveryClient -
				Application is null : false
2020-08-10 05:07:04 [main] INFO  c.netflix.discovery.DiscoveryClient -
				Registered Applications size is zero : true
2020-08-10 05:07:04 [main] INFO  c.netflix.discovery.DiscoveryClient -
				Application version is -1: true
2020-08-10 05:07:04 [main] INFO  c.netflix.discovery.DiscoveryClient -
				Getting all instance registry info from the eureka server
2020-08-10 05:07:05 [main] INFO  c.netflix.discovery.DiscoveryClient -
				The response status is 200
2020-08-10 05:07:05 [main] INFO  c.netflix.discovery.DiscoveryClient -
				Starting heartbeat executor: renew interval is: 30
2020-08-10 05:07:05 [main] INFO  c.n.discovery.InstanceInfoReplicator -
				InstanceInfoReplicator onDemand update allowed rate per min is 4
2020-08-10 05:07:05 [main] INFO  c.netflix.discovery.DiscoveryClient -
				Discovery Client initialized at timestamp 1597016225077 with initial instances count: 1
2020-08-10 05:07:05 [main] INFO  o.s.c.n.e.s.EurekaServiceRegistry -
				Registering application PATIENTSERVICE with eureka with status UP
2020-08-10 05:07:05 [main] INFO  c.netflix.discovery.DiscoveryClient -
				Saw local status change event StatusChangeEvent [timestamp=1597016225084, current=UP, previous=STARTING]
2020-08-10 05:07:05 [main] INFO  o.a.coyote.http11.Http11NioProtocol -
				Starting ProtocolHandler ["http-nio-8082"]
2020-08-10 05:07:05 [DiscoveryClient-InstanceInfoReplicator-0] INFO  c.netflix.discovery.DiscoveryClient -
				DiscoveryClient_PATIENTSERVICE/LTIN180417.mshome.net:PatientService:8082: registering service...
2020-08-10 05:07:05 [DiscoveryClient-InstanceInfoReplicator-0] INFO  c.netflix.discovery.DiscoveryClient -
				DiscoveryClient_PATIENTSERVICE/LTIN180417.mshome.net:PatientService:8082 - registration status: 204
2020-08-10 05:07:05 [main] INFO  o.s.b.w.e.tomcat.TomcatWebServer -
				Tomcat started on port(s): 8082 (http) with context path ''
2020-08-10 05:07:05 [main] INFO  o.s.c.n.e.s.EurekaAutoServiceRegistration -
				Updating port to 8082
2020-08-10 05:07:05 [main] INFO  s.d.s.w.p.DocumentationPluginsBootstrapper -
				Context refreshed
2020-08-10 05:07:05 [main] INFO  s.d.s.w.p.DocumentationPluginsBootstrapper -
				Found 1 custom documentation plugin(s)
2020-08-10 05:07:06 [main] INFO  s.d.s.w.s.ApiListingReferenceScanner -
				Scanning for api listing references
2020-08-10 05:07:06 [main] INFO  c.c.emergencyHelpline.PatientService -
				Started PatientService in 15.516 seconds (JVM running for 23.529)
2020-08-10 05:07:25 [http-nio-8082-exec-1] INFO  o.a.c.c.C.[Tomcat].[localhost].[/] -
				Initializing Spring DispatcherServlet 'dispatcherServlet'
2020-08-10 05:07:25 [http-nio-8082-exec-1] INFO  o.s.web.servlet.DispatcherServlet -
				Initializing Servlet 'dispatcherServlet'
2020-08-10 05:07:25 [http-nio-8082-exec-1] INFO  o.s.web.servlet.DispatcherServlet -
				Completed initialization in 19 ms
2020-08-10 05:12:04 [AsyncResolver-bootstrap-executor-0] INFO  c.n.d.s.r.aws.ConfigClusterResolver -
				Resolving eureka endpoints via configuration
2020-08-10 05:17:04 [AsyncResolver-bootstrap-executor-0] INFO  c.n.d.s.r.aws.ConfigClusterResolver -
				Resolving eureka endpoints via configuration
2020-08-10 05:21:52 [RMI TCP Connection(25)-127.0.0.1] INFO  o.s.b.a.SpringApplicationAdminMXBeanRegistrar$SpringApplicationAdmin -
				Application shutdown requested.
2020-08-10 05:21:52 [RMI TCP Connection(25)-127.0.0.1] INFO  o.s.c.n.e.s.EurekaServiceRegistry -
				Unregistering application PATIENTSERVICE with eureka with status DOWN
2020-08-10 05:21:52 [RMI TCP Connection(25)-127.0.0.1] WARN  c.netflix.discovery.DiscoveryClient -
				Saw local status change event StatusChangeEvent [timestamp=1597017112719, current=DOWN, previous=UP]
2020-08-10 05:21:52 [DiscoveryClient-InstanceInfoReplicator-0] INFO  c.netflix.discovery.DiscoveryClient -
				DiscoveryClient_PATIENTSERVICE/LTIN180417.mshome.net:PatientService:8082: registering service...
2020-08-10 05:21:52 [RMI TCP Connection(25)-127.0.0.1] INFO  o.a.coyote.http11.Http11NioProtocol -
				Pausing ProtocolHandler ["http-nio-8082"]
2020-08-10 05:21:52 [DiscoveryClient-InstanceInfoReplicator-0] INFO  c.netflix.discovery.DiscoveryClient -
				DiscoveryClient_PATIENTSERVICE/LTIN180417.mshome.net:PatientService:8082 - registration status: 204
2020-08-10 05:21:53 [RMI TCP Connection(25)-127.0.0.1] INFO  o.a.catalina.core.StandardService -
				Stopping service [Tomcat]
2020-08-10 05:21:53 [RMI TCP Connection(25)-127.0.0.1] INFO  o.a.c.c.C.[Tomcat].[localhost].[/] -
				Destroying Spring FrameworkServlet 'dispatcherServlet'
2020-08-10 05:21:53 [RMI TCP Connection(25)-127.0.0.1] INFO  o.a.coyote.http11.Http11NioProtocol -
				Stopping ProtocolHandler ["http-nio-8082"]
2020-08-10 05:21:53 [RMI TCP Connection(25)-127.0.0.1] INFO  o.a.coyote.http11.Http11NioProtocol -
				Destroying ProtocolHandler ["http-nio-8082"]
2020-08-10 05:21:53 [RMI TCP Connection(25)-127.0.0.1] INFO  o.s.s.c.ThreadPoolTaskExecutor -
				Shutting down ExecutorService 'applicationTaskExecutor'
2020-08-10 05:21:53 [RMI TCP Connection(25)-127.0.0.1] INFO  c.netflix.discovery.DiscoveryClient -
				Shutting down DiscoveryClient ...
2020-08-10 05:21:56 [RMI TCP Connection(25)-127.0.0.1] INFO  c.netflix.discovery.DiscoveryClient -
				Unregistering ...
2020-08-10 05:21:56 [RMI TCP Connection(25)-127.0.0.1] INFO  c.netflix.discovery.DiscoveryClient -
				DiscoveryClient_PATIENTSERVICE/LTIN180417.mshome.net:PatientService:8082 - deregister  status: 200
2020-08-10 05:21:56 [RMI TCP Connection(25)-127.0.0.1] INFO  c.netflix.discovery.DiscoveryClient -
				Completed shut down of DiscoveryClient
